<?xml version="1.0" encoding="UTF-8"?>
<!-- Generated by org.testng.reporters.JUnitReportReporter -->
<testsuite hostname="Leonard" failures="0" tests="1" name="testcases.FirstRegistration" time="53.038" errors="0" timestamp="2023-05-04T19:20:06 IST" skipped="0">
  <testcase classname="testcases.FirstRegistration" name="RegistrationTest" time="53.038"/>
  <system-out/>
</testsuite> <!-- testcases.FirstRegistration -->
